[0m09:07:24.884314 [debug] [MainThread]: Sending event: {'category': 'dbt', 'action': 'invocation', 'label': 'start', 'context': [<snowplow_tracker.self_describing_json.SelfDescribingJson object at 0x118227380>, <snowplow_tracker.self_describing_json.SelfDescribingJson object at 0x1193a6ba0>, <snowplow_tracker.self_describing_json.SelfDescribingJson object at 0x1193a67e0>]}


============================== 09:07:24.886846 | 992d45e3-4d69-4a5f-a6aa-409e7d014cbf ==============================
[0m09:07:24.886846 [info ] [MainThread]: Running with dbt=1.11.2
[0m09:07:24.887186 [debug] [MainThread]: running dbt with arguments {'log_cache_events': 'False', 'no_print': 'None', 'debug': 'False', 'indirect_selection': 'eager', 'invocation_command': 'dbt init spotify_dbt', 'send_anonymous_usage_stats': 'True', 'warn_error_options': 'WarnErrorOptionsV2(error=[], warn=[], silence=[])', 'log_format': 'default', 'write_json': 'True', 'quiet': 'False', 'target_path': 'None', 'profiles_dir': '/Users/ivaughn/.dbt', 'version_check': 'True', 'cache_selected_only': 'False', 'use_colors': 'True', 'static_parser': 'True', 'printer_width': '80', 'fail_fast': 'False', 'introspect': 'True', 'warn_error': 'None', 'partial_parse': 'True', 'log_path': 'logs', 'use_experimental_parser': 'False', 'empty': 'None'}
[0m09:07:24.895440 [debug] [MainThread]: Starter project path: /Users/ivaughn/Documents/Code/Spotify-DBT/.venv/lib/python3.12/site-packages/dbt/include/starter_project
[0m09:07:24.899392 [info ] [MainThread]: 
Your new dbt project "spotify_dbt" was created!

For more information on how to configure the profiles.yml file,
please consult the dbt documentation here:

  https://docs.getdbt.com/docs/configure-your-profile

One more thing:

Need help? Don't hesitate to reach out to us via GitHub issues or on Slack:

  https://community.getdbt.com/

Happy modeling!

[0m09:07:24.899613 [info ] [MainThread]: Setting up your profile.
[0m09:08:39.471869 [info ] [MainThread]: Profile spotify_dbt written to /Users/ivaughn/.dbt/profiles.yml using target's profile_template.yml and your supplied values. Run 'dbt debug' to validate the connection.
[0m09:08:39.509248 [debug] [MainThread]: Resource report: {"command_name": "init", "command_success": true, "command_wall_clock_time": 74.66192, "process_in_blocks": "0", "process_kernel_time": 0.122862, "process_mem_max_rss": "110329856", "process_out_blocks": "0", "process_user_time": 0.647976}
[0m09:08:39.510022 [debug] [MainThread]: Command `dbt init` succeeded at 09:08:39.509903 after 74.66 seconds
[0m09:08:39.510439 [debug] [MainThread]: Sending event: {'category': 'dbt', 'action': 'invocation', 'label': 'end', 'context': [<snowplow_tracker.self_describing_json.SelfDescribingJson object at 0x10265ae70>, <snowplow_tracker.self_describing_json.SelfDescribingJson object at 0x1074e5e20>, <snowplow_tracker.self_describing_json.SelfDescribingJson object at 0x1193a6ba0>]}
[0m09:08:39.510841 [debug] [MainThread]: Flushing usage events
[0m09:08:39.918423 [debug] [MainThread]: An error was encountered while trying to flush usage events
[0m09:34:42.543724 [debug] [MainThread]: Sending event: {'category': 'dbt', 'action': 'invocation', 'label': 'start', 'context': [<snowplow_tracker.self_describing_json.SelfDescribingJson object at 0x10662fe30>, <snowplow_tracker.self_describing_json.SelfDescribingJson object at 0x106da6e70>, <snowplow_tracker.self_describing_json.SelfDescribingJson object at 0x106da6ab0>]}


============================== 09:34:42.546749 | 0a45ea71-d6b5-4372-90e0-d4547235ea20 ==============================
[0m09:34:42.546749 [info ] [MainThread]: Running with dbt=1.11.2
[0m09:34:42.547089 [debug] [MainThread]: running dbt with arguments {'target_path': 'None', 'fail_fast': 'False', 'invocation_command': 'dbt run', 'no_print': 'None', 'log_format': 'default', 'printer_width': '80', 'warn_error_options': 'WarnErrorOptionsV2(error=[], warn=[], silence=[])', 'use_experimental_parser': 'False', 'debug': 'False', 'introspect': 'True', 'quiet': 'False', 'write_json': 'True', 'partial_parse': 'True', 'send_anonymous_usage_stats': 'True', 'log_cache_events': 'False', 'use_colors': 'True', 'profiles_dir': '/Users/ivaughn/.dbt', 'indirect_selection': 'eager', 'cache_selected_only': 'False', 'warn_error': 'None', 'log_path': 'logs', 'static_parser': 'True', 'version_check': 'True', 'empty': 'False'}
[0m09:34:42.547427 [error] [MainThread]: Encountered an error:
Runtime Error
  No dbt_project.yml found at expected path /Users/ivaughn/Documents/Code/Spotify-DBT/dbt_project.yml
  Verify that each entry within packages.yml (and their transitive dependencies) contains a file named dbt_project.yml
  
[0m09:34:42.561076 [debug] [MainThread]: Resource report: {"command_name": "run", "command_success": false, "command_wall_clock_time": 0.056233875, "process_in_blocks": "0", "process_kernel_time": 0.149476, "process_mem_max_rss": "108101632", "process_out_blocks": "0", "process_user_time": 0.676034}
[0m09:34:42.561442 [debug] [MainThread]: Command `dbt run` failed at 09:34:42.561387 after 0.06 seconds
[0m09:34:42.561647 [debug] [MainThread]: Sending event: {'category': 'dbt', 'action': 'invocation', 'label': 'end', 'context': [<snowplow_tracker.self_describing_json.SelfDescribingJson object at 0x106c6af90>, <snowplow_tracker.self_describing_json.SelfDescribingJson object at 0x106c0a840>, <snowplow_tracker.self_describing_json.SelfDescribingJson object at 0x106b3f5c0>]}
[0m09:34:42.561841 [debug] [MainThread]: Flushing usage events
[0m09:34:42.931504 [debug] [MainThread]: An error was encountered while trying to flush usage events
